[0m[0m
[0m[4mD:\front_dev\test\eslint-config-test\.prettierrc.json5[24m[0m
[0m   [2m2:1[22m   [31merror[39m  Unexpected tab character                                      [2mstyle/no-tabs[22m[0m
[0m   [2m2:1[22m   [31merror[39m  Expected indentation of 2 spaces but found 1 tab              [2mjsonc/indent[22m[0m
[0m   [2m3:1[22m   [31merror[39m  Unexpected tab character                                      [2mstyle/no-tabs[22m[0m
[0m   [2m3:1[22m   [31merror[39m  Expected indentation of 2 spaces but found 1 tab              [2mjsonc/indent[22m[0m
[0m   [2m3:2[22m   [31merror[39m  Expected exception block, space or tab after '/*' in comment  [2mstyle/spaced-comment[22m[0m
[0m   [2m3:2[22m   [31merror[39m  Expected space or tab before '*/' in comment                  [2mstyle/spaced-comment[22m[0m
[0m   [2m4:1[22m   [31merror[39m  Unexpected tab character                                      [2mstyle/no-tabs[22m[0m
[0m   [2m4:1[22m   [31merror[39m  Expected indentation of 2 spaces but found 1 tab              [2mjsonc/indent[22m[0m
[0m   [2m4:2[22m   [31merror[39m  Unquoted property 'printWidth' found                          [2mjsonc/quote-props[22m[0m
[0m   [2m5:1[22m   [31merror[39m  Unexpected tab character                                      [2mstyle/no-tabs[22m[0m
[0m   [2m5:1[22m   [31merror[39m  Expected indentation of 2 spaces but found 1 tab              [2mjsonc/indent[22m[0m
[0m   [2m5:2[22m   [31merror[39m  Expected exception block, space or tab after '/*' in comment  [2mstyle/spaced-comment[22m[0m
[0m   [2m5:2[22m   [31merror[39m  Expected space or tab before '*/' in comment                  [2mstyle/spaced-comment[22m[0m
[0m   [2m6:1[22m   [31merror[39m  Unexpected tab character                                      [2mstyle/no-tabs[22m[0m
[0m   [2m6:1[22m   [31merror[39m  Expected indentation of 2 spaces but found 1 tab              [2mjsonc/indent[22m[0m
[0m   [2m6:2[22m   [31merror[39m  Unquoted property 'tabWidth' found                            [2mjsonc/quote-props[22m[0m
[0m   [2m7:1[22m   [31merror[39m  Unexpected tab character                                      [2mstyle/no-tabs[22m[0m
[0m   [2m7:1[22m   [31merror[39m  Expected indentation of 2 spaces but found 1 tab              [2mjsonc/indent[22m[0m
[0m   [2m7:2[22m   [31merror[39m  Expected exception block, space or tab after '/*' in comment  [2mstyle/spaced-comment[22m[0m
[0m   [2m7:2[22m   [31merror[39m  Expected space or tab before '*/' in comment                  [2mstyle/spaced-comment[22m[0m
[0m   [2m8:1[22m   [31merror[39m  Unexpected tab character                                      [2mstyle/no-tabs[22m[0m
[0m   [2m8:1[22m   [31merror[39m  Expected indentation of 2 spaces but found 1 tab              [2mjsonc/indent[22m[0m
[0m   [2m8:2[22m   [31merror[39m  Unquoted property 'useTabs' found                             [2mjsonc/quote-props[22m[0m
[0m   [2m9:1[22m   [31merror[39m  Unexpected tab character                                      [2mstyle/no-tabs[22m[0m
[0m   [2m9:1[22m   [31merror[39m  Expected indentation of 2 spaces but found 1 tab              [2mjsonc/indent[22m[0m
[0m   [2m9:2[22m   [31merror[39m  Expected exception block, space or tab after '/*' in comment  [2mstyle/spaced-comment[22m[0m
[0m   [2m9:2[22m   [31merror[39m  Expected space or tab before '*/' in comment                  [2mstyle/spaced-comment[22m[0m
[0m  [2m10:1[22m   [31merror[39m  Unexpected tab character                                      [2mstyle/no-tabs[22m[0m
[0m  [2m10:1[22m   [31merror[39m  Expected indentation of 2 spaces but found 1 tab              [2mjsonc/indent[22m[0m
[0m  [2m10:2[22m   [31merror[39m  Unquoted property 'semi' found                                [2mjsonc/quote-props[22m[0m
[0m  [2m11:1[22m   [31merror[39m  Unexpected tab character                                      [2mstyle/no-tabs[22m[0m
[0m  [2m11:1[22m   [31merror[39m  Expected indentation of 2 spaces but found 1 tab              [2mjsonc/indent[22m[0m
[0m  [2m11:2[22m   [31merror[39m  Expected exception block, space or tab after '/*' in comment  [2mstyle/spaced-comment[22m[0m
[0m  [2m11:2[22m   [31merror[39m  Expected space or tab before '*/' in comment                  [2mstyle/spaced-comment[22m[0m
[0m  [2m12:1[22m   [31merror[39m  Unexpected tab character                                      [2mstyle/no-tabs[22m[0m
[0m  [2m12:1[22m   [31merror[39m  Expected indentation of 2 spaces but found 1 tab              [2mjsonc/indent[22m[0m
[0m  [2m12:2[22m   [31merror[39m  Unquoted property 'singleQuote' found                         [2mjsonc/quote-props[22m[0m
[0m  [2m13:1[22m   [31merror[39m  Unexpected tab character                                      [2mstyle/no-tabs[22m[0m
[0m  [2m13:1[22m   [31merror[39m  Expected indentation of 2 spaces but found 1 tab              [2mjsonc/indent[22m[0m
[0m  [2m13:2[22m   [31merror[39m  Expected exception block, space or tab after '/*' in comment  [2mstyle/spaced-comment[22m[0m
[0m  [2m13:2[22m   [31merror[39m  Expected space or tab before '*/' in comment                  [2mstyle/spaced-comment[22m[0m
[0m  [2m14:1[22m   [31merror[39m  Unexpected tab character                                      [2mstyle/no-tabs[22m[0m
[0m  [2m14:1[22m   [31merror[39m  Expected indentation of 2 spaces but found 1 tab              [2mjsonc/indent[22m[0m
[0m  [2m14:2[22m   [31merror[39m  Unquoted property 'quoteProps' found                          [2mjsonc/quote-props[22m[0m
[0m  [2m15:1[22m   [31merror[39m  Unexpected tab character                                      [2mstyle/no-tabs[22m[0m
[0m  [2m15:1[22m   [31merror[39m  Expected indentation of 2 spaces but found 1 tab              [2mjsonc/indent[22m[0m
[0m  [2m15:2[22m   [31merror[39m  Expected exception block, space or tab after '/*' in comment  [2mstyle/spaced-comment[22m[0m
[0m  [2m15:2[22m   [31merror[39m  Expected space or tab before '*/' in comment                  [2mstyle/spaced-comment[22m[0m
[0m  [2m16:1[22m   [31merror[39m  Unexpected tab character                                      [2mstyle/no-tabs[22m[0m
[0m  [2m16:1[22m   [31merror[39m  Expected indentation of 2 spaces but found 1 tab              [2mjsonc/indent[22m[0m
[0m  [2m16:2[22m   [31merror[39m  Unquoted property 'jsxSingleQuote' found                      [2mjsonc/quote-props[22m[0m
[0m  [2m17:1[22m   [31merror[39m  Unexpected tab character                                      [2mstyle/no-tabs[22m[0m
[0m  [2m17:1[22m   [31merror[39m  Expected indentation of 2 spaces but found 1 tab              [2mjsonc/indent[22m[0m
[0m  [2m17:2[22m   [31merror[39m  Expected exception block, space or tab after '/*' in comment  [2mstyle/spaced-comment[22m[0m
[0m  [2m17:2[22m   [31merror[39m  Expected space or tab before '*/' in comment                  [2mstyle/spaced-comment[22m[0m
[0m  [2m18:1[22m   [31merror[39m  Unexpected tab character                                      [2mstyle/no-tabs[22m[0m
[0m  [2m18:1[22m   [31merror[39m  Expected indentation of 2 spaces but found 1 tab              [2mjsonc/indent[22m[0m
[0m  [2m18:2[22m   [31merror[39m  Unquoted property 'trailingComma' found                       [2mjsonc/quote-props[22m[0m
[0m  [2m19:1[22m   [31merror[39m  Unexpected tab character                                      [2mstyle/no-tabs[22m[0m
[0m  [2m19:1[22m   [31merror[39m  Expected indentation of 2 spaces but found 1 tab              [2mjsonc/indent[22m[0m
[0m  [2m19:2[22m   [31merror[39m  Expected exception block, space or tab after '/*' in comment  [2mstyle/spaced-comment[22m[0m
[0m  [2m19:2[22m   [31merror[39m  Expected space or tab before '*/' in comment                  [2mstyle/spaced-comment[22m[0m
[0m  [2m20:1[22m   [31merror[39m  Unexpected tab character                                      [2mstyle/no-tabs[22m[0m
[0m  [2m20:1[22m   [31merror[39m  Expected indentation of 2 spaces but found 1 tab              [2mjsonc/indent[22m[0m
[0m  [2m20:2[22m   [31merror[39m  Unquoted property 'bracketSpacing' found                      [2mjsonc/quote-props[22m[0m
[0m  [2m21:1[22m   [31merror[39m  Unexpected tab character                                      [2mstyle/no-tabs[22m[0m
[0m  [2m21:1[22m   [31merror[39m  Expected indentation of 2 spaces but found 1 tab              [2mjsonc/indent[22m[0m
[0m  [2m21:2[22m   [31merror[39m  Expected exception block, space or tab after '/*' in comment  [2mstyle/spaced-comment[22m[0m
[0m  [2m21:2[22m   [31merror[39m  Expected space or tab before '*/' in comment                  [2mstyle/spaced-comment[22m[0m
[0m  [2m22:1[22m   [31merror[39m  Unexpected tab character                                      [2mstyle/no-tabs[22m[0m
[0m  [2m22:1[22m   [31merror[39m  Expected indentation of 2 spaces but found 1 tab              [2mjsonc/indent[22m[0m
[0m  [2m22:2[22m   [31merror[39m  Unquoted property 'objectWrap' found                          [2mjsonc/quote-props[22m[0m
[0m  [2m23:1[22m   [31merror[39m  Unexpected tab character                                      [2mstyle/no-tabs[22m[0m
[0m  [2m23:1[22m   [31merror[39m  Expected indentation of 2 spaces but found 1 tab              [2mjsonc/indent[22m[0m
[0m  [2m23:2[22m   [31merror[39m  Expected exception block, space or tab after '/*' in comment  [2mstyle/spaced-comment[22m[0m
[0m  [2m23:2[22m   [31merror[39m  Expected space or tab before '*/' in comment                  [2mstyle/spaced-comment[22m[0m
[0m  [2m24:1[22m   [31merror[39m  Unexpected tab character                                      [2mstyle/no-tabs[22m[0m
[0m  [2m24:1[22m   [31merror[39m  Expected indentation of 2 spaces but found 1 tab              [2mjsonc/indent[22m[0m
[0m  [2m24:2[22m   [31merror[39m  Unquoted property 'bracketSameLine' found                     [2mjsonc/quote-props[22m[0m
[0m  [2m25:1[22m   [31merror[39m  Unexpected tab character                                      [2mstyle/no-tabs[22m[0m
[0m  [2m25:1[22m   [31merror[39m  Expected indentation of 2 spaces but found 1 tab              [2mjsonc/indent[22m[0m
[0m  [2m25:2[22m   [31merror[39m  Expected exception block, space or tab after '/*' in comment  [2mstyle/spaced-comment[22m[0m
[0m  [2m25:2[22m   [31merror[39m  Expected space or tab before '*/' in comment                  [2mstyle/spaced-comment[22m[0m
[0m  [2m26:1[22m   [31merror[39m  Unexpected tab character                                      [2mstyle/no-tabs[22m[0m
[0m  [2m26:1[22m   [31merror[39m  Expected indentation of 2 spaces but found 1 tab              [2mjsonc/indent[22m[0m
[0m  [2m26:2[22m   [31merror[39m  Unquoted property 'arrowParens' found                         [2mjsonc/quote-props[22m[0m
[0m  [2m27:1[22m   [31merror[39m  Unexpected tab character                                      [2mstyle/no-tabs[22m[0m
[0m  [2m27:1[22m   [31merror[39m  Expected indentation of 2 spaces but found 1 tab              [2mjsonc/indent[22m[0m
[0m  [2m27:2[22m   [31merror[39m  Expected exception block, space or tab after '/*' in comment  [2mstyle/spaced-comment[22m[0m
[0m  [2m27:2[22m   [31merror[39m  Expected space or tab before '*/' in comment                  [2mstyle/spaced-comment[22m[0m
[0m  [2m28:1[22m   [31merror[39m  Unexpected tab character                                      [2mstyle/no-tabs[22m[0m
[0m  [2m28:1[22m   [31merror[39m  Expected indentation of 2 spaces but found 1 tab              [2mjsonc/indent[22m[0m
[0m  [2m28:2[22m   [31merror[39m  Unquoted property 'checkIgnorePragma' found                   [2mjsonc/quote-props[22m[0m
[0m  [2m29:1[22m   [31merror[39m  Unexpected tab character                                      [2mstyle/no-tabs[22m[0m
[0m  [2m29:1[22m   [31merror[39m  Expected indentation of 2 spaces but found 1 tab              [2mjsonc/indent[22m[0m
[0m  [2m29:2[22m   [31merror[39m  Expected exception block, space or tab after '/*' in comment  [2mstyle/spaced-comment[22m[0m
[0m  [2m29:2[22m   [31merror[39m  Expected space or tab before '*/' in comment                  [2mstyle/spaced-comment[22m[0m
[0m  [2m30:1[22m   [31merror[39m  Unexpected tab character                                      [2mstyle/no-tabs[22m[0m
[0m  [2m30:1[22m   [31merror[39m  Expected indentation of 2 spaces but found 1 tab              [2mjsonc/indent[22m[0m
[0m  [2m30:2[22m   [31merror[39m  Unquoted property 'proseWrap' found                           [2mjsonc/quote-props[22m[0m
[0m  [2m31:1[22m   [31merror[39m  Unexpected tab character                                      [2mstyle/no-tabs[22m[0m
[0m  [2m31:1[22m   [31merror[39m  Expected indentation of 2 spaces but found 1 tab              [2mjsonc/indent[22m[0m
[0m  [2m31:2[22m   [31merror[39m  Expected exception block, space or tab after '/*' in comment  [2mstyle/spaced-comment[22m[0m
[0m  [2m31:2[22m   [31merror[39m  Expected space or tab before '*/' in comment                  [2mstyle/spaced-comment[22m[0m
[0m  [2m32:1[22m   [31merror[39m  Unexpected tab character                                      [2mstyle/no-tabs[22m[0m
[0m  [2m32:1[22m   [31merror[39m  Expected indentation of 2 spaces but found 1 tab              [2mjsonc/indent[22m[0m
[0m  [2m32:2[22m   [31merror[39m  Unquoted property 'requirePragma' found                       [2mjsonc/quote-props[22m[0m
[0m  [2m33:1[22m   [31merror[39m  Unexpected tab character                                      [2mstyle/no-tabs[22m[0m
[0m  [2m33:1[22m   [31merror[39m  Expected indentation of 2 spaces but found 1 tab              [2mjsonc/indent[22m[0m
[0m  [2m33:2[22m   [31merror[39m  Expected exception block, space or tab after '/*' in comment  [2mstyle/spaced-comment[22m[0m
[0m  [2m33:2[22m   [31merror[39m  Expected space or tab before '*/' in comment                  [2mstyle/spaced-comment[22m[0m
[0m  [2m34:1[22m   [31merror[39m  Unexpected tab character                                      [2mstyle/no-tabs[22m[0m
[0m  [2m34:1[22m   [31merror[39m  Expected indentation of 2 spaces but found 1 tab              [2mjsonc/indent[22m[0m
[0m  [2m34:2[22m   [31merror[39m  Unquoted property 'insertPragma' found                        [2mjsonc/quote-props[22m[0m
[0m  [2m35:1[22m   [31merror[39m  Unexpected tab character                                      [2mstyle/no-tabs[22m[0m
[0m  [2m35:1[22m   [31merror[39m  Expected indentation of 2 spaces but found 1 tab              [2mjsonc/indent[22m[0m
[0m  [2m35:2[22m   [31merror[39m  Expected exception block, space or tab after '/*' in comment  [2mstyle/spaced-comment[22m[0m
[0m  [2m35:2[22m   [31merror[39m  Expected space or tab before '*/' in comment                  [2mstyle/spaced-comment[22m[0m
[0m  [2m36:1[22m   [31merror[39m  Unexpected tab character                                      [2mstyle/no-tabs[22m[0m
[0m  [2m36:1[22m   [31merror[39m  Expected indentation of 2 spaces but found 1 tab              [2mjsonc/indent[22m[0m
[0m  [2m36:2[22m   [31merror[39m  Unquoted property 'htmlWhitespaceSensitivity' found           [2mjsonc/quote-props[22m[0m
[0m  [2m37:1[22m   [31merror[39m  Unexpected tab character                                      [2mstyle/no-tabs[22m[0m
[0m  [2m37:1[22m   [31merror[39m  Expected indentation of 2 spaces but found 1 tab              [2mjsonc/indent[22m[0m
[0m  [2m37:2[22m   [31merror[39m  Expected exception block, space or tab after '/*' in comment  [2mstyle/spaced-comment[22m[0m
[0m  [2m37:2[22m   [31merror[39m  Expected space or tab before '*/' in comment                  [2mstyle/spaced-comment[22m[0m
[0m  [2m38:1[22m   [31merror[39m  Unexpected tab character                                      [2mstyle/no-tabs[22m[0m
[0m  [2m38:1[22m   [31merror[39m  Expected indentation of 2 spaces but found 1 tab              [2mjsonc/indent[22m[0m
[0m  [2m38:2[22m   [31merror[39m  Unquoted property 'vueIndentScriptAndStyle' found             [2mjsonc/quote-props[22m[0m
[0m  [2m39:1[22m   [31merror[39m  Unexpected tab character                                      [2mstyle/no-tabs[22m[0m
[0m  [2m39:1[22m   [31merror[39m  Expected indentation of 2 spaces but found 1 tab              [2mjsonc/indent[22m[0m
[0m  [2m39:2[22m   [31merror[39m  Expected exception block, space or tab after '/*' in comment  [2mstyle/spaced-comment[22m[0m
[0m  [2m39:2[22m   [31merror[39m  Expected space or tab before '*/' in comment                  [2mstyle/spaced-comment[22m[0m
[0m  [2m40:1[22m   [31merror[39m  Unexpected tab character                                      [2mstyle/no-tabs[22m[0m
[0m  [2m40:1[22m   [31merror[39m  Expected indentation of 2 spaces but found 1 tab              [2mjsonc/indent[22m[0m
[0m  [2m40:2[22m   [31merror[39m  Unquoted property 'endOfLine' found                           [2mjsonc/quote-props[22m[0m
[0m  [2m41:1[22m   [31merror[39m  Unexpected tab character                                      [2mstyle/no-tabs[22m[0m
[0m  [2m41:1[22m   [31merror[39m  Expected indentation of 2 spaces but found 1 tab              [2mjsonc/indent[22m[0m
[0m  [2m41:2[22m   [31merror[39m  Expected exception block, space or tab after '/*' in comment  [2mstyle/spaced-comment[22m[0m
[0m  [2m41:2[22m   [31merror[39m  Expected space or tab before '*/' in comment                  [2mstyle/spaced-comment[22m[0m
[0m  [2m42:1[22m   [31merror[39m  Unexpected tab character                                      [2mstyle/no-tabs[22m[0m
[0m  [2m42:1[22m   [31merror[39m  Expected indentation of 2 spaces but found 1 tab              [2mjsonc/indent[22m[0m
[0m  [2m42:2[22m   [31merror[39m  Unquoted property 'embeddedLanguageFormatting' found          [2mjsonc/quote-props[22m[0m
[0m  [2m43:1[22m   [31merror[39m  Unexpected tab character                                      [2mstyle/no-tabs[22m[0m
[0m  [2m43:1[22m   [31merror[39m  Expected indentation of 2 spaces but found 1 tab              [2mjsonc/indent[22m[0m
[0m  [2m43:2[22m   [31merror[39m  Expected exception block, space or tab after '/*' in comment  [2mstyle/spaced-comment[22m[0m
[0m  [2m43:2[22m   [31merror[39m  Expected space or tab before '*/' in comment                  [2mstyle/spaced-comment[22m[0m
[0m  [2m44:1[22m   [31merror[39m  Unexpected tab character                                      [2mstyle/no-tabs[22m[0m
[0m  [2m44:1[22m   [31merror[39m  Expected indentation of 2 spaces but found 1 tab              [2mjsonc/indent[22m[0m
[0m  [2m44:2[22m   [31merror[39m  Unquoted property 'singleAttributePerLine' found              [2mjsonc/quote-props[22m[0m
[0m  [2m44:30[22m  [31merror[39m  Unexpected trailing comma                                     [2mjsonc/comma-dangle[22m[0m
[0m[0m
[0m[4mD:\front_dev\test\eslint-config-test\README.md[24m[0m
[0m  [2m12:1[22m  [31merror[39m  Too many blank lines at the end of file. Max of 0 allowed  [2mstyle/no-multiple-empty-lines[22m[0m
[0m[0m
[0m[4mD:\front_dev\test\eslint-config-test\config\typescript.js[24m[0m
[0m   [2m1:1[22m   [31merror[39m  Failed to parse JSON from 'typescript 规则[0m
[0m	不使用的插件（明确禁用）[0m
[0m		1. no-unused-vars[0m
[0m		2. consistent-return[0m
[0m		3. member-ordering[0m
[0m		4. no-dupe-class-members[0m
[0m		5. no-invalid-this[0m
[0m  没有启用的插件（没有配置该规则）[0m
[0m		1. no-non-null-assertion[0m
[0m		2. no-restricted-imports[0m
[0m		3. no-restricted-types[0m
[0m	废弃的插件[0m
[0m		1. no-empty-interface[0m
[0m		2. no-loss-of-precision[0m
[0m		3. no-type-alias': Expected property name or '}' in JSON at position 1 (line 1 column 2)[0m
[0m   [2m2:1[22m   [31merror[39m  Unexpected tab character                                                                                                                                                                                                                                                                                                                                                                                                                    [2mstyle/no-tabs[22m[0m
[0m   [2m3:1[22m   [31merror[39m  Unexpected tab character                                                                                                                                                                                                                                                                                                                                                                                                                    [2mstyle/no-tabs[22m[0m
[0m   [2m4:1[22m   [31merror[39m  Unexpected tab character                                                                                                                                                                                                                                                                                                                                                                                                                    [2mstyle/no-tabs[22m[0m
[0m   [2m5:1[22m   [31merror[39m  Unexpected tab character                                                                                                                                                                                                                                                                                                                                                                                                                    [2mstyle/no-tabs[22m[0m
[0m   [2m6:1[22m   [31merror[39m  Unexpected tab character                                                                                                                                                                                                                                                                                                                                                                                                                    [2mstyle/no-tabs[22m[0m
[0m   [2m7:1[22m   [31merror[39m  Unexpected tab character                                                                                                                                                                                                                                                                                                                                                                                                                    [2mstyle/no-tabs[22m[0m
[0m   [2m8:1[22m   [31merror[39m  Unexpected tab character                                                                                                                                                                                                                                                                                                                                                                                                                    [2mstyle/no-tabs[22m[0m
[0m  [2m10:1[22m   [31merror[39m  Unexpected tab character                                                                                                                                                                                                                                                                                                                                                                                                                    [2mstyle/no-tabs[22m[0m
[0m  [2m11:1[22m   [31merror[39m  Unexpected tab character                                                                                                                                                                                                                                                                                                                                                                                                                    [2mstyle/no-tabs[22m[0m
[0m  [2m12:1[22m   [31merror[39m  Unexpected tab character                                                                                                                                                                                                                                                                                                                                                                                                                    [2mstyle/no-tabs[22m[0m
[0m  [2m13:1[22m   [31merror[39m  Unexpected tab character                                                                                                                                                                                                                                                                                                                                                                                                                    [2mstyle/no-tabs[22m[0m
[0m  [2m14:1[22m   [31merror[39m  Unexpected tab character                                                                                                                                                                                                                                                                                                                                                                                                                    [2mstyle/no-tabs[22m[0m
[0m  [2m15:1[22m   [31merror[39m  Unexpected tab character                                                                                                                                                                                                                                                                                                                                                                                                                    [2mstyle/no-tabs[22m[0m
[0m  [2m16:1[22m   [31merror[39m  Unexpected tab character                                                                                                                                                                                                                                                                                                                                                                                                                    [2mstyle/no-tabs[22m[0m
[0m  [2m20:27[22m  [31merror[39m  Expect newline after if                                                                                                                                                                                                                                                                                                                                                                                                                     [2mantfu/if-newline[22m[0m
[0m  [2m38:15[22m  [31merror[39m  Inconsistently quoted property 'minimumDescriptionLength' found                                                                                                                                                                                                                                                                                                                                                                             [2mstyle/quote-props[22m[0m
[0m[0m
[0m[4mD:\front_dev\test\eslint-config-test\eslint.config.mjs[24m[0m
[0m  [2m14:7[22m  [31merror[39m  Inconsistently quoted property 'indent' found  [2mstyle/quote-props[22m[0m
[0m  [2m15:7[22m  [31merror[39m  Inconsistently quoted property 'quotes' found  [2mstyle/quote-props[22m[0m
[0m  [2m16:7[22m  [31merror[39m  Inconsistently quoted property 'semi' found    [2mstyle/quote-props[22m[0m
[0m[0m
[0m[4mD:\front_dev\test\eslint-config-test\package.json[24m[0m
[0m  [2m10:3[22m  [31merror[39m  Expected object keys to be in specified order. 'type' should be before 'version'  [2mjsonc/sort-keys[22m[0m
[0m[0m
[0m[4mD:\front_dev\test\eslint-config-test\pnpm-workspace.yaml[24m[0m
[0m  [2m1:1[22m  [31merror[39m  Setting "shellEmulator" has mismatch value. Expected: true, Actual: undefined              [2mpnpm/yaml-enforce-settings[22m[0m
[0m  [2m1:1[22m  [31merror[39m  Setting "trustPolicy" has mismatch value. Expected: "no-downgrade", Actual: undefined      [2mpnpm/yaml-enforce-settings[22m[0m
[0m  [2m5:3[22m  [31merror[39m  Strings must use doublequote                                                               [2myaml/quotes[22m[0m
[0m  [2m6:3[22m  [31merror[39m  Catalog item "@typescript-eslint/parser:default" is not used in any package.json           [2mpnpm/yaml-no-unused-catalog-item[22m[0m
[0m  [2m6:3[22m  [31merror[39m  Strings must use doublequote                                                               [2myaml/quotes[22m[0m
[0m  [2m9:1[22m  [31merror[39m  Expected mapping keys to be in specified order. 'catalogMode' should be before 'packages'  [2myaml/sort-keys[22m[0m
[0m[0m
[0m[4mD:\front_dev\test\eslint-config-test\projects\typescript\date.ts[24m[0m
[0m   [2m5:12[22m  [31merror[39m    Passing a string to String() does not change the type or value of the string       [2mts/no-unnecessary-type-conversion[22m[0m
[0m  [2m17:27[22m  [31merror[39m    Template literal expression is unnecessary and can be simplified                   [2mts/no-unnecessary-template-expression[22m[0m
[0m  [2m21:12[22m  [31merror[39m    Passing a string to String() does not change the type or value of the string       [2mts/no-unnecessary-type-conversion[22m[0m
[0m  [2m29:1[22m   [33mwarning[39m  Unexpected console statement. Only these console methods are allowed: warn, error  [2mno-console[22m[0m
[0m  [2m32:6[22m   [33mwarning[39m  'foo' is defined but never used. Allowed unused vars must match /^_/u              [2munused-imports/no-unused-vars[22m[0m
[0m[0m
[0m[4mD:\front_dev\test\eslint-config-test\projects\typescript\package.json[24m[0m
[0m   [2m5:3[22m  [31merror[39m  Expected object keys to be in specified order. 'main' should be after 'license'                 [2mjsonc/sort-keys[22m[0m
[0m   [2m6:3[22m  [31merror[39m  Expected object keys to be in specified order. 'scripts' should be after 'license'              [2mjsonc/sort-keys[22m[0m
[0m   [2m9:3[22m  [31merror[39m  Expected object keys to be in specified order. 'keywords' should be after 'license'             [2mjsonc/sort-keys[22m[0m
[0m  [2m12:3[22m  [31merror[39m  Expected object keys to be in specified order. 'packageManager' should be before 'description'  [2mjsonc/sort-keys[22m[0m
[0m[0m
[0m[4mD:\front_dev\test\eslint-config-test\projects\typescript\test.ts[24m[0m
[0m   [2m1:11[22m  [33mwarning[39m  'Foo' is defined but never used. Allowed unused vars must match /^_/u                [2munused-imports/no-unused-vars[22m[0m
[0m   [2m7:7[22m   [33mwarning[39m  'x' is assigned a value but never used. Allowed unused vars must match /^_/u         [2munused-imports/no-unused-vars[22m[0m
[0m   [2m8:7[22m   [31merror[39m    Variable name `_y` must match one of the following formats: UPPER_CASE, snake_case   [2mts/naming-convention[22m[0m
[0m  [2m10:5[22m   [33mwarning[39m  'a' is never reassigned. Use 'const' instead                                         [2mprefer-const[22m[0m
[0m  [2m14:7[22m   [31merror[39m    Variable name `_a_1` must match one of the following formats: snake_case, camelCase  [2mts/naming-convention[22m[0m
[0m  [2m14:7[22m   [33mwarning[39m  '_a_1' is never reassigned. Use 'const' instead                                      [2mprefer-const[22m[0m
[0m  [2m16:8[22m   [33mwarning[39m  'e' is defined but never used                                                        [2munused-imports/no-unused-vars[22m[0m
[0m  [2m20:5[22m   [31merror[39m    Variable name `_xx` must match one of the following formats: snake_case, camelCase   [2mts/naming-convention[22m[0m
[0m  [2m20:5[22m   [33mwarning[39m  '_xx' is never reassigned. Use 'const' instead                                       [2mprefer-const[22m[0m
[0m  [2m23:11[22m  [33mwarning[39m  'O1' is defined but never used. Allowed unused vars must match /^_/u                 [2munused-imports/no-unused-vars[22m[0m
[0m  [2m30:1[22m   [33mwarning[39m  Unexpected console statement. Only these console methods are allowed: warn, error    [2mno-console[22m[0m
[0m  [2m31:29[22m  [31merror[39m    Unexpected any. Specify a different type                                             [2mts/no-explicit-any[22m[0m
[0m  [2m31:45[22m  [31merror[39m    Unsafe return of a value of type `any`                                               [2mts/no-unsafe-return[22m[0m
[0m  [2m31:53[22m  [31merror[39m    No magic number: 1                                                                   [2mts/no-magic-numbers[22m[0m
[0m  [2m35:22[22m  [31merror[39m    'a' is already declared in the upper scope on line 10 column 5                       [2mts/no-shadow[22m[0m
[0m  [2m39:10[22m  [33mwarning[39m  'add' is defined but never used. Allowed unused vars must match /^_/u                [2munused-imports/no-unused-vars[22m[0m
[0m  [2m46:1[22m   [33mwarning[39m  Unexpected console statement. Only these console methods are allowed: warn, error    [2mno-console[22m[0m
[0m[0m
[0m[4mD:\front_dev\test\eslint-config-test\scripts\generate.js[24m[0m
[0m  [2m4:1[22m   [31merror[39m    Expected "fs" (value-builtin) to come before "eslint-flat-config-utils" (value-external)  [2mperfectionist/sort-imports[22m[0m
[0m  [2m4:8[22m   [31merror[39m    'fs' is defined but never used                                                            [2munused-imports/no-unused-imports[22m[0m
[0m  [2m4:16[22m  [31merror[39m    Prefer `node:fs` over `fs`                                                                [2municorn/prefer-node-protocol[22m[0m
[0m  [2m6:1[22m   [33mwarning[39m  Unexpected console statement. Only these console methods are allowed: warn, error         [2mno-console[22m[0m
[0m[0m
[0m[31m[1m✖ 208 problems (195 errors, 13 warnings)[22m[39m[0m
[0m[31m[1m[22m[39m[31m[1m  127 errors and 3 warnings potentially fixable with the `--fix` option.[22m[39m[0m
[0m[31m[1m[22m[39m[0m